mode: set
github.com/gradeloop/gradeloop-core-v2/shared/libs/go/secrets/client.go:79.45,80.16 1 1
github.com/gradeloop/gradeloop-core-v2/shared/libs/go/secrets/client.go:80.16,82.3 1 1
github.com/gradeloop/gradeloop-core-v2/shared/libs/go/secrets/client.go:85.2,85.23 1 1
github.com/gradeloop/gradeloop-core-v2/shared/libs/go/secrets/client.go:85.23,87.3 1 1
github.com/gradeloop/gradeloop-core-v2/shared/libs/go/secrets/client.go:90.2,105.16 12 1
github.com/gradeloop/gradeloop-core-v2/shared/libs/go/secrets/client.go:105.16,107.3 1 0
github.com/gradeloop/gradeloop-core-v2/shared/libs/go/secrets/client.go:110.2,110.21 1 1
github.com/gradeloop/gradeloop-core-v2/shared/libs/go/secrets/client.go:110.21,112.3 1 1
github.com/gradeloop/gradeloop-core-v2/shared/libs/go/secrets/client.go:115.2,115.25 1 1
github.com/gradeloop/gradeloop-core-v2/shared/libs/go/secrets/client.go:115.25,117.3 1 1
github.com/gradeloop/gradeloop-core-v2/shared/libs/go/secrets/client.go:119.2,122.8 1 1
github.com/gradeloop/gradeloop-core-v2/shared/libs/go/secrets/client.go:126.30,135.2 1 1
github.com/gradeloop/gradeloop-core-v2/shared/libs/go/secrets/client.go:138.89,140.16 2 1
github.com/gradeloop/gradeloop-core-v2/shared/libs/go/secrets/client.go:140.16,142.3 1 1
github.com/gradeloop/gradeloop-core-v2/shared/libs/go/secrets/client.go:144.2,145.9 2 0
github.com/gradeloop/gradeloop-core-v2/shared/libs/go/secrets/client.go:145.9,147.3 1 0
github.com/gradeloop/gradeloop-core-v2/shared/libs/go/secrets/client.go:149.2,150.9 2 0
github.com/gradeloop/gradeloop-core-v2/shared/libs/go/secrets/client.go:150.9,152.3 1 0
github.com/gradeloop/gradeloop-core-v2/shared/libs/go/secrets/client.go:154.2,154.22 1 0
github.com/gradeloop/gradeloop-core-v2/shared/libs/go/secrets/client.go:158.103,164.16 3 1
github.com/gradeloop/gradeloop-core-v2/shared/libs/go/secrets/client.go:164.16,166.3 1 1
github.com/gradeloop/gradeloop-core-v2/shared/libs/go/secrets/client.go:168.2,168.19 1 0
github.com/gradeloop/gradeloop-core-v2/shared/libs/go/secrets/client.go:168.19,170.3 1 0
github.com/gradeloop/gradeloop-core-v2/shared/libs/go/secrets/client.go:173.2,174.9 2 0
github.com/gradeloop/gradeloop-core-v2/shared/libs/go/secrets/client.go:174.9,176.3 1 0
github.com/gradeloop/gradeloop-core-v2/shared/libs/go/secrets/client.go:178.2,178.18 1 0
github.com/gradeloop/gradeloop-core-v2/shared/libs/go/secrets/client.go:182.88,185.16 3 1
github.com/gradeloop/gradeloop-core-v2/shared/libs/go/secrets/client.go:185.16,187.3 1 1
github.com/gradeloop/gradeloop-core-v2/shared/libs/go/secrets/client.go:189.2,196.8 1 0
github.com/gradeloop/gradeloop-core-v2/shared/libs/go/secrets/client.go:200.78,203.16 3 1
github.com/gradeloop/gradeloop-core-v2/shared/libs/go/secrets/client.go:203.16,205.3 1 1
github.com/gradeloop/gradeloop-core-v2/shared/libs/go/secrets/client.go:207.2,212.8 1 0
github.com/gradeloop/gradeloop-core-v2/shared/libs/go/secrets/client.go:216.82,219.16 3 1
github.com/gradeloop/gradeloop-core-v2/shared/libs/go/secrets/client.go:219.16,221.3 1 1
github.com/gradeloop/gradeloop-core-v2/shared/libs/go/secrets/client.go:223.2,228.8 1 0
github.com/gradeloop/gradeloop-core-v2/shared/libs/go/secrets/client.go:232.38,235.2 1 1
github.com/gradeloop/gradeloop-core-v2/shared/libs/go/secrets/client.go:239.61,241.9 2 1
github.com/gradeloop/gradeloop-core-v2/shared/libs/go/secrets/client.go:241.9,243.3 1 1
github.com/gradeloop/gradeloop-core-v2/shared/libs/go/secrets/client.go:244.2,245.15 2 1
github.com/gradeloop/gradeloop-core-v2/shared/libs/go/secrets/client.go:248.46,249.42 1 1
github.com/gradeloop/gradeloop-core-v2/shared/libs/go/secrets/client.go:249.42,251.3 1 1
github.com/gradeloop/gradeloop-core-v2/shared/libs/go/secrets/client.go:252.2,252.21 1 1
github.com/gradeloop/gradeloop-core-v2/shared/libs/go/secrets/client.go:256.53,261.2 1 1
github.com/gradeloop/gradeloop-core-v2/shared/libs/go/secrets/client.go:264.43,266.2 1 1
